
Processing LFSR
before buildCfgFromIStructural: 0u 0s 31e 380600kB
Before processing instances: 0u 0s 36e 380600kB
After processing instances: 0u 0s 36e 380600kB
before processing cont assigns: 0u 0s 36e 380600kB
after processing cont assigns: 0u 0s 36e 380600kB
before processing processes: 0u 0s 36e 380600kB
after processing processes: 0u 0s 133e 380600kB
after buildCfgFromIStructural: 0u 0s 134e 380600kB
before ns->mergeSimpleProcesses: 0u 0s 134e 380600kB
after ns->mergeSimpleProcesses: 0u 0s 134e 380600kB
before ns->splitPartialWrites: 0u 0s 134e 380600kB
after ns->splitPartialWrites: 0u 0s 136e 380600kB
before removeUnneededLatches: 0u 0s 136e 380600kB
after removeUnneededLatches: 0u 0s 136e 380600kB
before printMsgForBothBAandNBAAccrossProcess: 0u 0s 136e 380600kB
after printMsgForBothBAandNBAAccrossProcess: 0u 0s 136e 380600kB
after other NameScope processing: 0u 0s 136e 380600kB
before rebuildInstGraph: 0u 0s 140e 380600kB
  before addAllInScope: 0u 0s 140e 380600kB
  after addAllInScope: 0u 0s 140e 380600kB
after rebuildInstGraph: 0u 0s 140e 380600kB
before markTristateCones : 0u 0s 140e 380600kB
after markTristateCones : 0u 0s 140e 380600kB
before constantPropagate: 0.01u 0s 272e 380600kB
after constantPropagate: 0.01u 0s 273e 380600kB
before removeUnusedSignals circuit: 0.01u 0s 273e 380600kB
after removeUnusedSignals circuit: 0.01u 0s 273e 380600kB
before optimize latch enable: 0.01u 0s 273e 380600kB
after optimize latch enable: 0.01u 0s 273e 380600kB
