
Copyright (C) 1994-2021 Synopsys, Inc.
This Synopsys software and all associated documentation are proprietary to Synopsys, Inc.
and may only be used pursuant to the terms and conditions of a written license agreement
with Synopsys, Inc. All other use, reproduction, modification, or distribution of the
Synopsys software or the associated documentation is strictly prohibited.
Tool: HAPS (R) ProtoCompiler 100
Build: R-2020.12-SP1-1
Install: /usr/cadtool/csr5306/synopsys/protocomp/R-2020.12-SP1-1
OS: CentOS Linux 7 (Core)
Hostname: ws42
max virtual memory: unlimited (bytes)
max user processes: 4096
max stack size: 10485760 (bytes)


Database state : /home/course/csr530603/final_project/1.RTL_simulation/synthesis_files/FB1_uA/FB1_uA_srs/|m0

#### START OF AREA REPORT #####[

Part:			XCVU19P-FSVA3824-1-E (Xilinx)

----------------------------------------------------------------------
########   Utilization report for  Top level view:   FB1_uA   ########
======================================================================

SEQUENTIAL ELEMENTS
Name          Total elements     Total area     Utilization     Notes
---------------------------------------------------------------------
REGISTERS     163                163            100 %                
=====================================================================
Total SEQUENTIAL ELEMENTS in the block FB1_uA:	163 (31.47 % Utilization)


COMBINATIONAL LOGIC
Name            Total elements     Total area     Utilization     Notes
-----------------------------------------------------------------------
LUTS            199                199            100 %                
Shared LUTS     62                 -31            100 %                
=======================================================================
Total COMBINATIONAL LOGIC in the block FB1_uA:	261 (50.39 % Utilization)


MEMORY ELEMENTS
Name          Total elements     Total area     Utilization     Notes
---------------------------------------------------------------------
SYNC RAMS     1                  1              100 %                
=====================================================================
Total MEMORY ELEMENTS in the block FB1_uA:	1 (0.19 % Utilization)


IO PADS
Name     Total elements     Total area     Utilization     Notes
----------------------------------------------------------------
PADS     74                 74             100 %                
================================================================
Total IO PADS in the block FB1_uA:	74 (14.29 % Utilization)


Summary Table
Name         Total elements     Total area     Utilization     Notes
--------------------------------------------------------------------
LUT Site     199                168                                 
====================================================================
----------------------------------------------------------------
########   Utilization report for  cell:   FB1_uA_dut   ########
Instance path:   FB1_uA.FB1_uA_dut                              
================================================================

SEQUENTIAL ELEMENTS
Name          Total elements     Total area     Utilization     Notes
---------------------------------------------------------------------
REGISTERS     35                 35             21.5 %               
=====================================================================
Total SEQUENTIAL ELEMENTS in the block FB1_uA.FB1_uA_dut:	35 (6.76 % Utilization)


COMBINATIONAL LOGIC
Name            Total elements     Total area     Utilization     Notes
-----------------------------------------------------------------------
LUTS            10                 10             5.03 %               
Shared LUTS     2                  -1             3.23 %               
=======================================================================
Total COMBINATIONAL LOGIC in the block FB1_uA.FB1_uA_dut:	12 (2.32 % Utilization)


Summary Table
Name         Total elements     Total area     Utilization     Notes
--------------------------------------------------------------------
LUT Site     10                 9                                   
====================================================================
----------------------------------------------------------
########   Utilization report for  cell:   LFSR   ########
Instance path:   FB1_uA_dut.LFSR                          
==========================================================

SEQUENTIAL ELEMENTS
Name          Total elements     Total area     Utilization     Notes
---------------------------------------------------------------------
REGISTERS     9                  9              5.52 %               
=====================================================================
Total SEQUENTIAL ELEMENTS in the block FB1_uA_dut.LFSR:	9 (1.74 % Utilization)


COMBINATIONAL LOGIC
Name     Total elements     Total area     Utilization     Notes
----------------------------------------------------------------
LUTS     2                  2              1.01 %               
================================================================
Total COMBINATIONAL LOGIC in the block FB1_uA_dut.LFSR:	2 (0.39 % Utilization)


Summary Table
Name         Total elements     Total area     Utilization     Notes
--------------------------------------------------------------------
LUT Site     2                  2                                   
====================================================================
----------------------------------------------------------
########   Utilization report for  cell:   MISR   ########
Instance path:   FB1_uA_dut.MISR                          
==========================================================

SEQUENTIAL ELEMENTS
Name          Total elements     Total area     Utilization     Notes
---------------------------------------------------------------------
REGISTERS     17                 17             10.4 %               
=====================================================================
Total SEQUENTIAL ELEMENTS in the block FB1_uA_dut.MISR:	17 (3.28 % Utilization)


Summary Table
Name         Total elements     Total area     Utilization     Notes
--------------------------------------------------------------------
LUT Site     0                  0                                   
====================================================================
----------------------------------------------------------------
########   Utilization report for  cell:   controller   ########
Instance path:   FB1_uA_dut.controller                          
================================================================

SEQUENTIAL ELEMENTS
Name          Total elements     Total area     Utilization     Notes
---------------------------------------------------------------------
REGISTERS     8                  8              4.91 %               
=====================================================================
Total SEQUENTIAL ELEMENTS in the block FB1_uA_dut.controller:	8 (1.54 % Utilization)


COMBINATIONAL LOGIC
Name            Total elements     Total area     Utilization     Notes
-----------------------------------------------------------------------
LUTS            8                  8              4.02 %               
Shared LUTS     2                  -1             3.23 %               
=======================================================================
Total COMBINATIONAL LOGIC in the block FB1_uA_dut.controller:	10 (1.93 % Utilization)


Summary Table
Name         Total elements     Total area     Utilization     Notes
--------------------------------------------------------------------
LUT Site     8                  7                                   
====================================================================
-----------------------------------------------------------------------------------------------------------
########   Utilization report for  cell:   bsa19_system_ip_wrapper_256s_0_25s_1_1_1_1_1611514078   ########
Instance path:   FB1_uA.bsa19_system_ip_wrapper_256s_0_25s_1_1_1_1_1611514078                              
===========================================================================================================

Summary Table
Name         Total elements     Total area     Utilization     Notes
--------------------------------------------------------------------
LUT Site     0                  0                                   
====================================================================
-------------------------------------------------------------------------------------------------------------------------------------
########   Utilization report for  cell:   haps_system_memory_32s_28s_32s_haps_system_memoryDini_120s_87s_86s_1s_Z2_FB1_uA   ########
Instance path:   FB1_uA.haps_system_memory_32s_28s_32s_haps_system_memoryDini_120s_87s_86s_1s_Z2_FB1_uA                              
=====================================================================================================================================

SEQUENTIAL ELEMENTS
Name          Total elements     Total area     Utilization     Notes
---------------------------------------------------------------------
REGISTERS     128                128            78.5 %               
=====================================================================
Total SEQUENTIAL ELEMENTS in the block FB1_uA.haps_system_memory_32s_28s_32s_haps_system_memoryDini_120s_87s_86s_1s_Z2_FB1_uA:	128 (24.71 % Utilization)


COMBINATIONAL LOGIC
Name            Total elements     Total area     Utilization     Notes
-----------------------------------------------------------------------
LUTS            189                189            95 %                 
Shared LUTS     60                 -30            96.8 %               
=======================================================================
Total COMBINATIONAL LOGIC in the block FB1_uA.haps_system_memory_32s_28s_32s_haps_system_memoryDini_120s_87s_86s_1s_Z2_FB1_uA:	249 (48.07 % Utilization)


MEMORY ELEMENTS
Name          Total elements     Total area     Utilization     Notes
---------------------------------------------------------------------
SYNC RAMS     1                  1              100 %                
=====================================================================
Total MEMORY ELEMENTS in the block FB1_uA.haps_system_memory_32s_28s_32s_haps_system_memoryDini_120s_87s_86s_1s_Z2_FB1_uA:	1 (0.19 % Utilization)


Summary Table
Name         Total elements     Total area     Utilization     Notes
--------------------------------------------------------------------
LUT Site     189                159                                 
====================================================================
#### START OF Block RAM DETAILED REPORT ####

Total Block RAMs: 1

haps_system_memory.memory_core.memory_inst_memory_inst_0_0
----------------------------
READ_WIDTH_A			36
WRITE_WIDTH_A			18
READ_WIDTH_B			18
WRITE_WIDTH_B			36
WRITE_MODE_A			READ_FIRST
WRITE_MODE_B			READ_FIRST
SRVAL_A					00000
SRVAL_B					00000
DOA_REG					0
DOB_REG					0
----------------------------

#### END OF  Block RAM DETAILED REPORT ####


##### END OF AREA REPORT #####]

