#
#Copyright (C) 1994-2021 Synopsys, Inc.
#This Synopsys software and all associated documentation are proprietary to Synopsys, Inc.
#and may only be used pursuant to the terms and conditions of a written license agreement
#with Synopsys, Inc. All other use, reproduction, modification, or distribution of the
#Synopsys software or the associated documentation is strictly prohibited.
#Tool: HAPS (R) ProtoCompiler 100
#Build: R-2020.12-SP1-1
#Install: /usr/cadtool/csr5306/synopsys/protocomp/R-2020.12-SP1-1
#OS: CentOS Linux 7 (Core)
#Hostname: ws42

#Database state : /home/course/csr530603/final_project/1.RTL_simulation/UC_LED_DEMO/|sr0
#Synopsys ProtoCompiler Partitioner/Router, Version map202012pcp4, Build 193R, Built Apr  8 2022 21:27:09, @4216327



@S1 AP337 |Connection Model
connection_model DIRECT -modules { \
}
connection_model HSTDM_ERD -modules { \
   HSTDM_ERD_7 7
   HSTDM_ERD_15 15
   HSTDM_ERD_22 22
   HSTDM_ERD_30 30
   HSTDM_ERD_37 37
   HSTDM_ERD_45 45
   HSTDM_ERD_52 52
   HSTDM_ERD_60 60
   HSTDM_ERD_67 67
   HSTDM_ERD_75 75
   HSTDM_ERD_82 82
   HSTDM_ERD_90 90
   HSTDM_ERD_97 97
   HSTDM_ERD_105 105
   HSTDM_ERD_112 112
   HSTDM_ERD_120 120
   HSTDM_ERD_150 150
   HSTDM_ERD_180 180
   HSTDM_ERD_210 210
   HSTDM_ERD_240 240
}
connection_model ACPM -modules { \
   ACPM_2 2
   ACPM_3 3
   ACPM_4 4
   ACPM_5 5
   ACPM_6 6
   ACPM_7 7
   ACPM_8 8
   ACPM_9 9
   ACPM_10 10
   ACPM_11 11
   ACPM_12 12
   ACPM_13 13
   ACPM_14 14
   ACPM_15 15
   ACPM_16 16
   ACPM_17 17
   ACPM_18 18
   ACPM_19 19
   ACPM_20 20
   ACPM_24 24
   ACPM_28 28
   ACPM_32 32
}
connection_model HSTDM -modules { \
   HSTDM_8 8
   HSTDM_16 16
   HSTDM_24 24
   HSTDM_32 32
   HSTDM_40 40
   HSTDM_48 48
   HSTDM_56 56
   HSTDM_64 64
   HSTDM_72 72
   HSTDM_80 80
   HSTDM_88 88
   HSTDM_96 96
   HSTDM_104 104
   HSTDM_112 112
   HSTDM_120 120
   HSTDM_128 128
   HSTDM_160 160
   HSTDM_192 192
   HSTDM_224 224
   HSTDM_256 256
}
connection_model HSTDMSE -modules { \
   HSTDM_8 8
   HSTDM_16 16
   HSTDM_24 24
   HSTDM_32 32
   HSTDM_40 40
   HSTDM_48 48
   HSTDM_56 56
   HSTDM_64 64
   HSTDM_72 72
   HSTDM_80 80
   HSTDM_88 88
   HSTDM_96 96
   HSTDM_104 104
   HSTDM_112 112
   HSTDM_120 120
   HSTDM_128 128
   HSTDM_160 160
   HSTDM_192 192
   HSTDM_224 224
   HSTDM_256 256
}
connection_model HSTDMSE_ERD -modules { \
   HSTDM_ERD_7 7
   HSTDM_ERD_15 15
   HSTDM_ERD_22 22
   HSTDM_ERD_30 30
   HSTDM_ERD_37 37
   HSTDM_ERD_45 45
   HSTDM_ERD_52 52
   HSTDM_ERD_60 60
   HSTDM_ERD_67 67
   HSTDM_ERD_75 75
   HSTDM_ERD_82 82
   HSTDM_ERD_90 90
   HSTDM_ERD_97 97
   HSTDM_ERD_105 105
   HSTDM_ERD_112 112
   HSTDM_ERD_120 120
   HSTDM_ERD_150 150
   HSTDM_ERD_180 180
   HSTDM_ERD_210 210
   HSTDM_ERD_240 240
}
connection_model MGTDM_Y -modules { \
   HSTDM_MGT_64 64
   HSTDM_MGT_128 128
   HSTDM_MGT_256 256
   HSTDM_MGT_512 512
   HSTDM_MGT_1024 1024
}
connection_model MGTDM -modules { \
   HSTDM_ERD_MGT_256 256
   HSTDM_ERD_MGT_512 512
   HSTDM_ERD_MGT_1024 1024
}

@S2 AP248 |Feedthrough Insertion and Net Splitting

modify_net -feedthrough FB1.uB -orig_net signature[4] -in_net signature[4] -out_net signature_aptn_ft[4]
modify_net -disconnect signature[4] -connect signature_aptn_ft[4] -to Port signature[4]
modify_net -feedthrough FB1.uB -orig_net signature[5] -in_net signature[5] -out_net signature_aptn_ft[5]
modify_net -disconnect signature[5] -connect signature_aptn_ft[5] -to Port signature[5]
modify_net -feedthrough FB1.uB -orig_net signature[0] -in_net signature[0] -out_net signature_aptn_ft[0]
modify_net -disconnect signature[0] -connect signature_aptn_ft[0] -to Port signature[0]
modify_net -feedthrough FB1.uB -orig_net signature[3] -in_net signature[3] -out_net signature_aptn_ft[3]
modify_net -disconnect signature[3] -connect signature_aptn_ft[3] -to Port signature[3]
modify_net -feedthrough FB1.uB -orig_net finish -in_net finish -out_net finish_aptn_ft
modify_net -disconnect finish -connect finish_aptn_ft -to Port finish
modify_net -feedthrough FB1.uB -orig_net signature[13] -in_net signature[13] -out_net signature_aptn_ft[13]
modify_net -disconnect signature[13] -connect signature_aptn_ft[13] -to Port signature[13]
modify_net -feedthrough FB1.uB -orig_net signature[16] -in_net signature[16] -out_net signature_aptn_ft[16]
modify_net -disconnect signature[16] -connect signature_aptn_ft[16] -to Port signature[16]
modify_net -feedthrough FB1.uB -orig_net signature[11] -in_net signature[11] -out_net signature_aptn_ft[11]
modify_net -disconnect signature[11] -connect signature_aptn_ft[11] -to Port signature[11]
modify_net -feedthrough FB1.uB -orig_net signature[6] -in_net signature[6] -out_net signature_aptn_ft[6]
modify_net -disconnect signature[6] -connect signature_aptn_ft[6] -to Port signature[6]
modify_net -feedthrough FB1.uB -orig_net signature[12] -in_net signature[12] -out_net signature_aptn_ft[12]
modify_net -disconnect signature[12] -connect signature_aptn_ft[12] -to Port signature[12]
modify_net -feedthrough FB1.uB -orig_net signature[14] -in_net signature[14] -out_net signature_aptn_ft[14]
modify_net -disconnect signature[14] -connect signature_aptn_ft[14] -to Port signature[14]
modify_net -feedthrough FB1.uB -orig_net signature[7] -in_net signature[7] -out_net signature_aptn_ft[7]
modify_net -disconnect signature[7] -connect signature_aptn_ft[7] -to Port signature[7]
modify_net -feedthrough FB1.uB -orig_net signature[10] -in_net signature[10] -out_net signature_aptn_ft[10]
modify_net -disconnect signature[10] -connect signature_aptn_ft[10] -to Port signature[10]
modify_net -feedthrough FB1.uB -orig_net signature[9] -in_net signature[9] -out_net signature_aptn_ft[9]
modify_net -disconnect signature[9] -connect signature_aptn_ft[9] -to Port signature[9]
modify_net -feedthrough FB1.uB -orig_net signature[8] -in_net signature[8] -out_net signature_aptn_ft[8]
modify_net -disconnect signature[8] -connect signature_aptn_ft[8] -to Port signature[8]
modify_net -feedthrough FB1.uB -orig_net signature[2] -in_net signature[2] -out_net signature_aptn_ft[2]
modify_net -disconnect signature[2] -connect signature_aptn_ft[2] -to Port signature[2]
modify_net -feedthrough FB1.uB -orig_net signature[1] -in_net signature[1] -out_net signature_aptn_ft[1]
modify_net -disconnect signature[1] -connect signature_aptn_ft[1] -to Port signature[1]
modify_net -feedthrough FB1.uB -orig_net signature[15] -in_net signature[15] -out_net signature_aptn_ft[15]
modify_net -disconnect signature[15] -connect signature_aptn_ft[15] -to Port signature[15]

@S3 AP345 |Net and Global Routing Information
@N: AP305 |This section contains information only for nets that are external to FPGAs

@S3.1 AP346 |Routed Nets

net_attribute -tdm_qualified 0 signature_aptn_ft[8]
global_route signature_aptn_ft[8] -slack_pre_tdm 43 -slack_post_tdm 29 \
   -from FB1.uB -to {TOP_IO_HT3_FB1_B5} -using TOP_IO_HT3_FB1_B5 -tdm DIRECT

net_attribute -tdm_qualified 0 signature_aptn_ft[7]
global_route signature_aptn_ft[7] -slack_pre_tdm 43 -slack_post_tdm 29 \
   -from FB1.uB -to {TOP_IO_HT3_FB1_B5} -using TOP_IO_HT3_FB1_B5 -tdm DIRECT

net_attribute -tdm_qualified 0 signature_aptn_ft[16]
global_route signature_aptn_ft[16] -slack_pre_tdm 43 -slack_post_tdm 29 \
   -from FB1.uB -to {TOP_IO_HT3_FB1_B5} -using TOP_IO_HT3_FB1_B5 -tdm DIRECT

net_attribute -tdm_qualified 0 signature_aptn_ft[13]
global_route signature_aptn_ft[13] -slack_pre_tdm 43 -slack_post_tdm 29 \
   -from FB1.uB -to {TOP_IO_HT3_FB1_B5} -using TOP_IO_HT3_FB1_B5 -tdm DIRECT

net_attribute -tdm_qualified 0 signature_aptn_ft[15]
global_route signature_aptn_ft[15] -slack_pre_tdm 43 -slack_post_tdm 29 \
   -from FB1.uB -to {TOP_IO_HT3_FB1_B5} -using TOP_IO_HT3_FB1_B5 -tdm DIRECT

net_attribute -tdm_qualified 0 finish_aptn_ft
global_route finish_aptn_ft -slack_pre_tdm 42 -slack_post_tdm 28 \
   -from FB1.uB -to {TOP_IO_HT3_FB1_B5} -using TOP_IO_HT3_FB1_B5 -tdm DIRECT

net_attribute -tdm_qualified 0 signature_aptn_ft[4]
global_route signature_aptn_ft[4] -slack_pre_tdm 43 -slack_post_tdm 29 \
   -from FB1.uB -to {TOP_IO_HT3_FB1_B5} -using TOP_IO_HT3_FB1_B5 -tdm DIRECT

net_attribute -tdm_qualified 0 signature_aptn_ft[11]
global_route signature_aptn_ft[11] -slack_pre_tdm 43 -slack_post_tdm 29 \
   -from FB1.uB -to {TOP_IO_HT3_FB1_B5} -using TOP_IO_HT3_FB1_B5 -tdm DIRECT

net_attribute -tdm_qualified 0 signature[14]
global_route signature[14] -slack_pre_tdm 43 -slack_post_tdm 29 \
   -from FB1.uA -to {FB1.uB} -using FB1_A1_B19 -tdm DIRECT

net_attribute -tdm_qualified 0 signature[12]
global_route signature[12] -slack_pre_tdm 43 -slack_post_tdm 29 \
   -from FB1.uA -to {FB1.uB} -using FB1_A1_B19 -tdm DIRECT

net_attribute -tdm_qualified 0 signature_aptn_ft[6]
global_route signature_aptn_ft[6] -slack_pre_tdm 43 -slack_post_tdm 29 \
   -from FB1.uB -to {TOP_IO_HT3_FB1_B5} -using TOP_IO_HT3_FB1_B5 -tdm DIRECT

net_attribute -tdm_qualified 0 signature[10]
global_route signature[10] -slack_pre_tdm 43 -slack_post_tdm 29 \
   -from FB1.uA -to {FB1.uB} -using FB1_A1_B19 -tdm DIRECT

net_attribute -tdm_qualified 0 signature[9]
global_route signature[9] -slack_pre_tdm 43 -slack_post_tdm 29 \
   -from FB1.uA -to {FB1.uB} -using FB1_A1_B19 -tdm DIRECT

net_attribute -tdm_qualified 0 signature[8]
global_route signature[8] -slack_pre_tdm 43 -slack_post_tdm 29 \
   -from FB1.uA -to {FB1.uB} -using FB1_A1_B19 -tdm DIRECT

net_attribute -tdm_qualified 0 signature_aptn_ft[0]
global_route signature_aptn_ft[0] -slack_pre_tdm 43 -slack_post_tdm 29 \
   -from FB1.uB -to {TOP_IO_HT3_FB1_B5} -using TOP_IO_HT3_FB1_B5 -tdm DIRECT

net_attribute -tdm_qualified 0 signature_aptn_ft[3]
global_route signature_aptn_ft[3] -slack_pre_tdm 43 -slack_post_tdm 29 \
   -from FB1.uB -to {TOP_IO_HT3_FB1_B5} -using TOP_IO_HT3_FB1_B5 -tdm DIRECT

net_attribute -tdm_qualified 0 signature[7]
global_route signature[7] -slack_pre_tdm 43 -slack_post_tdm 29 \
   -from FB1.uA -to {FB1.uB} -using FB1_A1_B19 -tdm DIRECT

net_attribute -tdm_qualified 0 signature[6]
global_route signature[6] -slack_pre_tdm 43 -slack_post_tdm 29 \
   -from FB1.uA -to {FB1.uB} -using FB1_A1_B19 -tdm DIRECT

net_attribute -tdm_qualified 0 signature[5]
global_route signature[5] -slack_pre_tdm 43 -slack_post_tdm 29 \
   -from FB1.uA -to {FB1.uB} -using FB1_A1_B19 -tdm DIRECT

net_attribute -tdm_qualified 0 signature[0]
global_route signature[0] -slack_pre_tdm 43 -slack_post_tdm 29 \
   -from FB1.uA -to {FB1.uB} -using FB1_A1_B19_1 -tdm DIRECT

global_route adder_out[16] -multi_hop 2 -slack_pre_tdm 39 -slack_post_tdm 21 \
   -from FB1.uB -to {FB1.uA} -using FB1_A1_B19 -tdm DIRECT

global_route adder_out[15] -multi_hop 2 -slack_pre_tdm 39 -slack_post_tdm 21 \
   -from FB1.uB -to {FB1.uA} -using FB1_A1_B19 -tdm DIRECT

net_attribute -tdm_qualified 0 signature[13]
global_route signature[13] -slack_pre_tdm 43 -slack_post_tdm 29 \
   -from FB1.uA -to {FB1.uB} -using FB1_A1_B19 -tdm DIRECT

net_attribute -tdm_qualified 0 signature_aptn_ft[14]
global_route signature_aptn_ft[14] -slack_pre_tdm 43 -slack_post_tdm 29 \
   -from FB1.uB -to {TOP_IO_HT3_FB1_B5} -using TOP_IO_HT3_FB1_B5 -tdm DIRECT

global_route adder_out[14] -multi_hop 2 -slack_pre_tdm 39 -slack_post_tdm 21 \
   -from FB1.uB -to {FB1.uA} -using FB1_A1_B19 -tdm DIRECT

global_route adder_out[10] -multi_hop 2 -slack_pre_tdm 40 -slack_post_tdm 22 \
   -from FB1.uB -to {FB1.uA} -using FB1_A1_B19 -tdm DIRECT

global_route adder_out[9] -multi_hop 2 -slack_pre_tdm 40 -slack_post_tdm 22 \
   -from FB1.uB -to {FB1.uA} -using FB1_A1_B19_1 -tdm DIRECT

global_route adder_out[8] -multi_hop 2 -slack_pre_tdm 40 -slack_post_tdm 22 \
   -from FB1.uB -to {FB1.uA} -using FB1_A1_B19_1 -tdm DIRECT

global_route adder_out[5] -multi_hop 2 -slack_pre_tdm 40 -slack_post_tdm 22 \
   -from FB1.uB -to {FB1.uA} -using FB1_A1_B19_1 -tdm DIRECT

global_route adder_out[1] -multi_hop 2 -slack_pre_tdm 40 -slack_post_tdm 24 \
   -from FB1.uB -to {FB1.uA} -using T_FB1.uA_FB1.uB_2 -tdm DIRECT

global_route adder_out[0] -multi_hop 2 -slack_pre_tdm 40 -slack_post_tdm 24 \
   -from FB1.uB -to {FB1.uA} -using T_FB1.uA_FB1.uB_2 -tdm DIRECT

net_attribute -tdm_qualified 0 signature[2]
global_route signature[2] -slack_pre_tdm 43 -slack_post_tdm 29 \
   -from FB1.uA -to {FB1.uB} -using FB1_A1_B19 -tdm DIRECT

global_route adder_in[15] -multi_hop 2 -slack_pre_tdm 40 -slack_post_tdm 22 \
   -from FB1.uA -to {FB1.uB} -using FB1_A1_B19_1 -tdm DIRECT

global_route adder_out[4] -multi_hop 2 -slack_pre_tdm 40 -slack_post_tdm 22 \
   -from FB1.uB -to {FB1.uA} -using FB1_A1_B19_1 -tdm DIRECT

global_route adder_in[14] -multi_hop 2 -slack_pre_tdm 40 -slack_post_tdm 22 \
   -from FB1.uA -to {FB1.uB} -using FB1_A1_B19_1 -tdm DIRECT

global_route adder_in[11] -multi_hop 2 -slack_pre_tdm 40 -slack_post_tdm 22 \
   -from FB1.uA -to {FB1.uB} -using FB1_A1_B19_1 -tdm DIRECT

net_attribute -tdm_qualified 0 signature[1]
global_route signature[1] -slack_pre_tdm 43 -slack_post_tdm 29 \
   -from FB1.uA -to {FB1.uB} -using FB1_A1_B19_1 -tdm DIRECT

global_route adder_out[13] -multi_hop 2 -slack_pre_tdm 39 -slack_post_tdm 21 \
   -from FB1.uB -to {FB1.uA} -using FB1_A1_B19 -tdm DIRECT

global_route adder_in[10] -multi_hop 2 -slack_pre_tdm 40 -slack_post_tdm 22 \
   -from FB1.uA -to {FB1.uB} -using FB1_A1_B19_1 -tdm DIRECT

global_route adder_in[13] -multi_hop 2 -slack_pre_tdm 40 -slack_post_tdm 22 \
   -from FB1.uA -to {FB1.uB} -using FB1_A1_B19_1 -tdm DIRECT

net_attribute -tdm_qualified 0 signature[15]
global_route signature[15] -slack_pre_tdm 43 -slack_post_tdm 29 \
   -from FB1.uA -to {FB1.uB} -using FB1_A1_B19 -tdm DIRECT

net_attribute -tdm_qualified 0 signature_aptn_ft[10]
global_route signature_aptn_ft[10] -slack_pre_tdm 43 -slack_post_tdm 29 \
   -from FB1.uB -to {TOP_IO_HT3_FB1_B5} -using TOP_IO_HT3_FB1_B5 -tdm DIRECT

net_attribute -tdm_qualified 0 signature[4]
global_route signature[4] -slack_pre_tdm 43 -slack_post_tdm 29 \
   -from FB1.uA -to {FB1.uB} -using FB1_A1_B19 -tdm DIRECT

global_route adder_in[8] -multi_hop 2 -slack_pre_tdm 40 -slack_post_tdm 22 \
   -from FB1.uA -to {FB1.uB} -using FB1_A1_B19_1 -tdm DIRECT

global_route adder_in[7] -multi_hop 2 -slack_pre_tdm 40 -slack_post_tdm 22 \
   -from FB1.uA -to {FB1.uB} -using FB1_A1_B19_1 -tdm DIRECT

global_route adder_out[12] -multi_hop 2 -slack_pre_tdm 40 -slack_post_tdm 22 \
   -from FB1.uB -to {FB1.uA} -using FB1_A1_B19 -tdm DIRECT

global_route adder_in[6] -multi_hop 2 -slack_pre_tdm 40 -slack_post_tdm 22 \
   -from FB1.uA -to {FB1.uB} -using FB1_A1_B19_1 -tdm DIRECT

net_attribute -tdm_qualified 0 signature[3]
global_route signature[3] -slack_pre_tdm 43 -slack_post_tdm 29 \
   -from FB1.uA -to {FB1.uB} -using FB1_A1_B19 -tdm DIRECT

net_attribute -tdm_qualified 0 signature_aptn_ft[1]
global_route signature_aptn_ft[1] -slack_pre_tdm 43 -slack_post_tdm 29 \
   -from FB1.uB -to {TOP_IO_HT3_FB1_B5} -using TOP_IO_HT3_FB1_B5 -tdm DIRECT

global_route adder_out[3] -multi_hop 2 -slack_pre_tdm 40 -slack_post_tdm 22 \
   -from FB1.uB -to {FB1.uA} -using FB1_A1_B19_1 -tdm DIRECT

global_route adder_in[5] -multi_hop 2 -slack_pre_tdm 40 -slack_post_tdm 22 \
   -from FB1.uA -to {FB1.uB} -using FB1_A1_B19_1 -tdm DIRECT

net_attribute -tdm_qualified 0 signature_aptn_ft[9]
global_route signature_aptn_ft[9] -slack_pre_tdm 43 -slack_post_tdm 29 \
   -from FB1.uB -to {TOP_IO_HT3_FB1_B5} -using TOP_IO_HT3_FB1_B5 -tdm DIRECT

net_attribute -tdm_qualified 0 signature_aptn_ft[12]
global_route signature_aptn_ft[12] -slack_pre_tdm 43 -slack_post_tdm 29 \
   -from FB1.uB -to {TOP_IO_HT3_FB1_B5} -using TOP_IO_HT3_FB1_B5 -tdm DIRECT

global_route adder_out[2] -multi_hop 2 -slack_pre_tdm 40 -slack_post_tdm 22 \
   -from FB1.uB -to {FB1.uA} -using FB1_A1_B19_1 -tdm DIRECT

global_route adder_in[9] -multi_hop 2 -slack_pre_tdm 40 -slack_post_tdm 22 \
   -from FB1.uA -to {FB1.uB} -using FB1_A1_B19_1 -tdm DIRECT

global_route adder_in[3] -multi_hop 2 -slack_pre_tdm 40 -slack_post_tdm 24 \
   -from FB1.uA -to {FB1.uB} -using T_FB1.uA_FB1.uB_2 -tdm DIRECT

net_attribute -tdm_qualified 0 signature_aptn_ft[5]
global_route signature_aptn_ft[5] -slack_pre_tdm 43 -slack_post_tdm 29 \
   -from FB1.uB -to {TOP_IO_HT3_FB1_B5} -using TOP_IO_HT3_FB1_B5 -tdm DIRECT

global_route adder_in[2] -multi_hop 2 -slack_pre_tdm 40 -slack_post_tdm 24 \
   -from FB1.uA -to {FB1.uB} -using T_FB1.uA_FB1.uB_2 -tdm DIRECT

global_route adder_in[0] -multi_hop 2 -slack_pre_tdm 39 -slack_post_tdm 23 \
   -from FB1.uA -to {FB1.uB} -using T_FB1.uA_FB1.uB_2 -tdm DIRECT

global_route adder_in[4] -multi_hop 2 -slack_pre_tdm 40 -slack_post_tdm 24 \
   -from FB1.uA -to {FB1.uB} -using T_FB1.uA_FB1.uB_2 -tdm DIRECT

net_attribute -tdm_qualified 0 signature[16]
global_route signature[16] -slack_pre_tdm 43 -slack_post_tdm 29 \
   -from FB1.uA -to {FB1.uB} -using FB1_A1_B19 -tdm DIRECT

net_attribute -tdm_qualified 0 finish
global_route finish -slack_pre_tdm 42 -slack_post_tdm 28 \
   -from FB1.uA -to {FB1.uB} -using FB1_A1_B19_1 -tdm DIRECT

net_attribute -tdm_qualified 0 signature_aptn_ft[2]
global_route signature_aptn_ft[2] -slack_pre_tdm 43 -slack_post_tdm 29 \
   -from FB1.uB -to {TOP_IO_HT3_FB1_B5} -using TOP_IO_HT3_FB1_B5 -tdm DIRECT

global_route adder_out[11] -multi_hop 2 -slack_pre_tdm 40 -slack_post_tdm 22 \
   -from FB1.uB -to {FB1.uA} -using FB1_A1_B19 -tdm DIRECT

global_route adder_out[6] -multi_hop 2 -slack_pre_tdm 40 -slack_post_tdm 22 \
   -from FB1.uB -to {FB1.uA} -using FB1_A1_B19_1 -tdm DIRECT

global_route adder_out[7] -multi_hop 2 -slack_pre_tdm 40 -slack_post_tdm 22 \
   -from FB1.uB -to {FB1.uA} -using FB1_A1_B19_1 -tdm DIRECT

net_attribute -tdm_qualified 0 signature[11]
global_route signature[11] -slack_pre_tdm 43 -slack_post_tdm 29 \
   -from FB1.uA -to {FB1.uB} -using FB1_A1_B19 -tdm DIRECT

net_attribute -function GCLK -tdm_qualified 0 -is_clock 1 -feedthrough_allowed 0 clk
global_route clk -slack_pre_tdm 100000 -slack_post_tdm 100000 \
   -from FB1.PLL1 -to {FB1.uA FB1.uB} -using T_FB1.PLL1_FB1.uA_FB1.uB_1 -tdm DIRECT

global_route adder_in[1] -multi_hop 2 -slack_pre_tdm 39 -slack_post_tdm 23 \
   -from FB1.uA -to {FB1.uB} -using T_FB1.uA_FB1.uB_2 -tdm DIRECT

global_route adder_in[12] -multi_hop 2 -slack_pre_tdm 40 -slack_post_tdm 22 \
   -from FB1.uA -to {FB1.uB} -using FB1_A1_B19_1 -tdm DIRECT


@S4 AP306 |Detailed Routing Information
@N: AP306 |This section contains information only for nets which are assigned to board traces

@S4.1 AP348 |Trace Assignments

assign_trace adder_in[4] FB1.AI2_N[9]
assign_trace adder_in[3] FB1.AI2_P[9]
assign_trace adder_in[2] FB1.AI2_U[1]
assign_trace adder_in[1] FB1.AI2_U[2]
assign_trace adder_in[0] FB1.AI2_U[3]
assign_trace signature[16] FB1_A1_A[0]
assign_trace signature[15] FB1_A1_A[1]
assign_trace signature[14] FB1_A1_A[2]
assign_trace signature[13] FB1_A1_A[3]
assign_trace signature[12] FB1_A1_A[4]
assign_trace signature[11] FB1_A1_A[5]
assign_trace signature[10] FB1_A1_A[6]
assign_trace signature[9] FB1_A1_A[7]
assign_trace signature[8] FB1_A1_A[8]
assign_trace signature[7] FB1_A1_A[9]
assign_trace signature[6] FB1_A1_A[10]
assign_trace signature[5] FB1_A1_A[11]
assign_trace signature[4] FB1_A1_B[0]
assign_trace signature[3] FB1_A1_B[1]
assign_trace signature[2] FB1_A1_B[2]
assign_trace signature[1] FB1_A1_C[0]
assign_trace signature[0] FB1_A1_C[1]
assign_trace finish FB1_A1_C[2]
assign_trace adder_in[15] FB1_A1_C[3]
assign_trace adder_in[14] FB1_A1_C[4]
assign_trace adder_in[13] FB1_A1_C[5]
assign_trace adder_in[12] FB1_A1_C[6]
assign_trace adder_in[11] FB1_A1_C[7]
assign_trace adder_in[10] FB1_A1_C[8]
assign_trace adder_in[9] FB1_A1_C[9]
assign_trace adder_in[8] FB1_A1_C[10]
assign_trace adder_in[7] FB1_A1_C[11]
assign_trace adder_in[6] FB1_A1_D[0]
assign_trace adder_in[5] FB1_A1_D[1]
assign_trace adder_out[1] FB1.BI2_N[9]
assign_trace adder_out[0] FB1.BI2_P[9]
assign_trace adder_out[16] FB1_A1_B[3]
assign_trace adder_out[15] FB1_A1_B[4]
assign_trace adder_out[14] FB1_A1_B[5]
assign_trace adder_out[13] FB1_A1_B[6]
assign_trace adder_out[12] FB1_A1_B[7]
assign_trace adder_out[11] FB1_A1_B[8]
assign_trace adder_out[10] FB1_A1_B[9]
assign_trace adder_out[9] FB1_A1_D[2]
assign_trace adder_out[8] FB1_A1_D[3]
assign_trace adder_out[7] FB1_A1_D[4]
assign_trace adder_out[6] FB1_A1_D[5]
assign_trace adder_out[5] FB1_A1_D[6]
assign_trace adder_out[4] FB1_A1_D[7]
assign_trace adder_out[3] FB1_A1_D[8]
assign_trace adder_out[2] FB1_A1_D[9]
assign_trace signature_aptn_ft[0] FB1_B5_A[4]
assign_trace finish_aptn_ft FB1_B5_A[5]
assign_trace signature_aptn_ft[1] FB1_B5_A[6]
assign_trace signature_aptn_ft[2] FB1_B5_A[7]
assign_trace signature_aptn_ft[3] FB1_B5_A[8]
assign_trace signature_aptn_ft[4] FB1_B5_A[9]
assign_trace signature_aptn_ft[5] FB1_B5_A[10]
assign_trace signature_aptn_ft[6] FB1_B5_A[11]
assign_trace signature_aptn_ft[7] FB1_B5_A[12]
assign_trace signature_aptn_ft[8] FB1_B5_B[3]
assign_trace signature_aptn_ft[9] FB1_B5_B[4]
assign_trace signature_aptn_ft[10] FB1_B5_B[5]
assign_trace signature_aptn_ft[11] FB1_B5_B[6]
assign_trace signature_aptn_ft[12] FB1_B5_B[7]
assign_trace signature_aptn_ft[13] FB1_B5_B[8]
assign_trace signature_aptn_ft[14] FB1_B5_B[9]
assign_trace signature_aptn_ft[15] FB1_B5_B[10]
assign_trace signature_aptn_ft[16] FB1_B5_B[11]
assign_trace clk GCLK1
