
Warning-[UNKWN_IGOPTS] Unknown option(s) ignored
  Unknown option(s) '-top ' passed to 'vlogan' command line is(are) ignored.
  Please make sure that there are no typos in the option(s) passed, or the 
  options are only applicable to VCS at elaboration step. Also check 'vlogan 
  -help' for supported options. 

                         Chronologic VCS (TM)
Version Q-2020.03-SP2-10-T-20220405_Full64 -- Thu Apr 13 10:31:00 2023
               Copyright (c) 1991-2020 by Synopsys Inc.
                         ALL RIGHTS RESERVED

This program is proprietary and confidential information of Synopsys Inc.
and may be used and disclosed only as authorized in a license agreement
controlling such use and disclosure.


Note-[ZEBUUC_INCR_PASS] ZEBU UC Incr-recompile check passes
  The design and all other inputs have not changed, so recompile is not 
  necessary.
  To force recompile the design, please use switch -noIncrComp .

CPU time: .168 seconds to compile

Warning-[DEBUG_DEP] Option will be deprecated
  The option '-debug_pp' will be deprecated in a future release.  Please use 
  '-debug_acc+pp+dmptf -debug_region+cell+encrypt' instead.

Doing common elaboration 

Warning-[DEBUG_DEP] Option will be deprecated
  The option '-debug_pp' will be deprecated in a future release.  Please use 
  '-debug_acc+pp+dmptf -debug_region+cell+encrypt' instead.

                         Chronologic VCS (TM)
Version Q-2020.03-SP2-10-T-20220405_Full64 -- Thu Apr 13 10:31:02 2023
               Copyright (c) 1991-2020 by Synopsys Inc.
                         ALL RIGHTS RESERVED

This program is proprietary and confidential information of Synopsys Inc.
and may be used and disclosed only as authorized in a license agreement
controlling such use and disclosure.

UNIZFE: Got HW top: top
Top Level Modules:
       top
No TimeScale specified
Info: Invoking Simon...
[UFE_FLOW]: RhinoDB Rtl Population based on design traversal started
[UFE_FLOW]: Trying to load NameDB library without path: libNameDB.so
Info: Simon VCS Start
                                SIMON
Version Q-2020.03-SP2-10-T-20220405_Full64 -- Thu Apr 13 10:31:02 2023
               Copyright (c) 1991-2020 by Synopsys Inc.
                         ALL RIGHTS RESERVED

This program is proprietary and confidential information of Synopsys Inc.
and may be used and disclosed only as authorized in a license agreement
controlling such use and disclosure.


Note-[SM_NATIVE_FORCE_ON] Native force is ON
  Simon native force/release handling is ON


Note-[SM_PARALLEL_RUN] Parallel run
  Forked '5' child processes with process ids '12808 12809 12810 12811 12812'
  to perform synthesis of total '5' modules in parallel.


Note-[SM_PME] Processing Module/Entity
  Processing: top Parameterized Name: top


Note-[SM_PME] Processing Module/Entity
  Processing: controller Parameterized Name: controller


Note-[SM_IIF] Instance Info
  Instance Count : module 'top' has 4 instances
  


Note-[SM_PME] Processing Module/Entity
  Processing: Adder Parameterized Name: Adder


Note-[SM_PME] Processing Module/Entity
  Processing: LFSR Parameterized Name: LFSR


Note-[SM_PME] Processing Module/Entity
  Processing: MISR Parameterized Name: MISR


Note-[SM_CHLDRUN_DONE] Child process run completed
  Child process number '1' with process id '12809'
  is done with synthesis of total '1' modules
  SIMON Child CPU Time        : 0.01 sec
  SIMON Child Wall-Clock Time : 0.04 sec
  SIMON Child Current Memory  : 371 MB
  SIMON Child Peak Memory     : 371 MB
  SIMON Distribution          : 0.00,0.00,0.00,0.00 sec
  End time                    : Thu Apr 13 10:31:02 2023
  .


Note-[SM_CHLDRUN_DONE] Child process run completed
  Child process number '3' with process id '12811'
  is done with synthesis of total '1' modules
  SIMON Child CPU Time        : 0.00 sec
  SIMON Child Wall-Clock Time : 0.03 sec
  SIMON Child Current Memory  : 371 MB
  SIMON Child Peak Memory     : 371 MB
  SIMON Distribution          : 0.00,0.00,0.00,0.00 sec
  End time                    : Thu Apr 13 10:31:02 2023
  .


Note-[SM_CHLDRUN_DONE] Child process run completed
  Child process number '2' with process id '12810'
  is done with synthesis of total '1' modules
  SIMON Child CPU Time        : 0.01 sec
  SIMON Child Wall-Clock Time : 0.04 sec
  SIMON Child Current Memory  : 371 MB
  SIMON Child Peak Memory     : 371 MB
  SIMON Distribution          : 0.00,0.00,0.00,0.00 sec
  End time                    : Thu Apr 13 10:31:02 2023
  .


Note-[SM_CHLDRUN_DONE] Child process run completed
  Child process number '4' with process id '12812'
  is done with synthesis of total '1' modules
  SIMON Child CPU Time        : 0.01 sec
  SIMON Child Wall-Clock Time : 0.04 sec
  SIMON Child Current Memory  : 371 MB
  SIMON Child Peak Memory     : 371 MB
  SIMON Distribution          : 0.00,0.00,0.00,0.00 sec
  End time                    : Thu Apr 13 10:31:02 2023
  .


Note-[SM_CHLDRUN_DONE] Child process run completed
  Child process number '0' with process id '12808'
  is done with synthesis of total '1' modules
  SIMON Child CPU Time        : 0.01 sec
  SIMON Child Wall-Clock Time : 0.04 sec
  SIMON Child Current Memory  : 371 MB
  SIMON Child Peak Memory     : 371 MB
  SIMON Distribution          : 0.00,0.00,0.00,0.00 sec
  End time                    : Thu Apr 13 10:31:02 2023
  .


Note-[SM_PF] Processing finished
  Processing of all modules finished


Note-[SM_PARALLEL_RUN] Parallel run
  Forked '5' child processes with process ids '12813 12814 12815 12816 12817'
  to perform post-processing optimizations of total '5' modules in parallel.


Note-[SM_POME] Processing Module/Entity
  Performing post-processing optimizations on Module/Entity: controller


Note-[SM_POME] Processing Module/Entity
  Performing post-processing optimizations on Module/Entity: LFSR


Note-[SM_POME] Processing Module/Entity
  Performing post-processing optimizations on Module/Entity: Adder


Note-[SM_POME] Processing Module/Entity
  Performing post-processing optimizations on Module/Entity: top


Note-[SM_POME] Processing Module/Entity
  Performing post-processing optimizations on Module/Entity: MISR


Note-[SM_CHLDRUN_DONE] Child process run completed
  Child process number '4' with process id '12817'
  is done with post-processing optimizations of total '1' modules
  SIMON Child CPU Time        : 0.00 sec
  SIMON Child Wall-Clock Time : 0.02 sec
  SIMON Child Current Memory  : 371 MB
  SIMON Child Peak Memory     : 371 MB
  SIMON Distribution          : 0.00,0.00,0.00,0.00 sec
  End time                    : Thu Apr 13 10:31:03 2023
  .


Note-[SM_CHLDRUN_DONE] Child process run completed
  Child process number '2' with process id '12815'
  is done with post-processing optimizations of total '1' modules
  SIMON Child CPU Time        : 0.00 sec
  SIMON Child Wall-Clock Time : 0.03 sec
  SIMON Child Current Memory  : 371 MB
  SIMON Child Peak Memory     : 371 MB
  SIMON Distribution          : 0.00,0.00,0.00,0.00 sec
  End time                    : Thu Apr 13 10:31:03 2023
  .


Note-[SM_CHLDRUN_DONE] Child process run completed
  Child process number '0' with process id '12813'
  is done with post-processing optimizations of total '1' modules
  SIMON Child CPU Time        : 0.00 sec
  SIMON Child Wall-Clock Time : 0.03 sec
  SIMON Child Current Memory  : 371 MB
  SIMON Child Peak Memory     : 371 MB
  SIMON Distribution          : 0.00,0.00,0.00,0.00 sec
  End time                    : Thu Apr 13 10:31:03 2023
  .


Note-[SM_CHLDRUN_DONE] Child process run completed
  Child process number '1' with process id '12814'
  is done with post-processing optimizations of total '1' modules
  SIMON Child CPU Time        : 0.00 sec
  SIMON Child Wall-Clock Time : 0.03 sec
  SIMON Child Current Memory  : 371 MB
  SIMON Child Peak Memory     : 371 MB
  SIMON Distribution          : 0.00,0.00,0.00,0.00 sec
  End time                    : Thu Apr 13 10:31:03 2023
  .


Note-[SM_CHLDRUN_DONE] Child process run completed
  Child process number '3' with process id '12816'
  is done with post-processing optimizations of total '1' modules
  SIMON Child CPU Time        : 0.00 sec
  SIMON Child Wall-Clock Time : 0.03 sec
  SIMON Child Current Memory  : 371 MB
  SIMON Child Peak Memory     : 371 MB
  SIMON Distribution          : 0.00,0.00,0.00,0.00 sec
  End time                    : Thu Apr 13 10:31:03 2023
  .


Note-[SM_POF] Processing finished
  Post-processing optimizations of all modules finished

=======================================================
VCS pre-synth CPU Time        : 0.47 sec
VCS pre-synth Wall-Clock Time : 0.00 sec
VCS pre-synth Current Memory  : 369 MB
SIMON Master CPU Time         : 0.05 sec
SIMON Total  CPU Time         : 0.23 sec
SIMON Master Wall-Clock Time  : 0.26 sec
SIMON Master Current Memory   : 371 MB
SIMON Master Peak Memory      : 372 MB
SIMON CGroup Memory           : 414 MB
SIMON Distribution            : 0.00,0.00,0.00,0.00 sec
=======================================================
Info: Simon VCS Finished
Info: Simon call complete 
Info: Exiting after Simon Analysis 
CPU time: .787 seconds to compile
